[2021-10-06 16:00:20.159] [exthost] [info] extension host started
[2021-10-06 16:00:20.165] [exthost] [error] Error: EEXIST: file already exists, open '/home/minishell/.vscode-server/data/User/workspaceStorage/2b12f8a722524781f642ec16eb3ffe15/vscode.lock'
[2021-10-06 16:00:20.184] [exthost] [info] Lock '/home/minishell/.vscode-server/data/User/workspaceStorage/2b12f8a722524781f642ec16eb3ffe15/vscode.lock': Could not acquire lock, checking if the file is stale.
[2021-10-06 16:00:20.190] [exthost] [info] Lock '/home/minishell/.vscode-server/data/User/workspaceStorage/2b12f8a722524781f642ec16eb3ffe15/vscode.lock': The pid 227 appears to be gone.
[2021-10-06 16:00:20.190] [exthost] [info] Lock '/home/minishell/.vscode-server/data/User/workspaceStorage/2b12f8a722524781f642ec16eb3ffe15/vscode.lock': Deleting a stale lock.
[2021-10-06 16:00:20.193] [exthost] [info] Lock '/home/minishell/.vscode-server/data/User/workspaceStorage/2b12f8a722524781f642ec16eb3ffe15/vscode.lock': Lock acquired.
[2021-10-06 16:00:20.336] [exthost] [info] ExtensionService#_doActivateExtension ms-vscode.cpptools {"startup":false,"extensionId":{"value":"ms-vscode.cpptools","_lower":"ms-vscode.cpptools"},"activationEvent":"onLanguage:c"}
[2021-10-06 16:00:20.337] [exthost] [info] ExtensionService#loadCommonJSModule file:///home/minishell/.vscode-server/extensions/ms-vscode.cpptools-1.7.0-insiders2/dist/main
[2021-10-06 16:00:20.554] [exthost] [info] ExtensionService#_doActivateExtension vscode.debug-auto-launch {"startup":true,"extensionId":{"value":"vscode.debug-auto-launch","_lower":"vscode.debug-auto-launch"},"activationEvent":"*"}
[2021-10-06 16:00:20.554] [exthost] [info] ExtensionService#loadCommonJSModule file:///home/minishell/.vscode-server/bin/7f6ab5485bbc008386c4386d08766667e155244e/extensions/debug-auto-launch/dist/extension
[2021-10-06 16:00:20.561] [exthost] [info] ExtensionService#_doActivateExtension vscode.git {"startup":true,"extensionId":{"value":"vscode.github","_lower":"vscode.github"},"activationEvent":"*"}
[2021-10-06 16:00:20.561] [exthost] [info] ExtensionService#loadCommonJSModule file:///home/minishell/.vscode-server/bin/7f6ab5485bbc008386c4386d08766667e155244e/extensions/git/dist/main
[2021-10-06 16:00:20.730] [exthost] [info] ExtensionService#_doActivateExtension kube.42header {"startup":true,"extensionId":{"value":"kube.42header","_lower":"kube.42header"},"activationEvent":"*"}
[2021-10-06 16:00:20.730] [exthost] [info] ExtensionService#loadCommonJSModule file:///home/minishell/.vscode-server/extensions/kube.42header-0.42.9/out/src/extension
[2021-10-06 16:00:21.363] [exthost] [info] ExtensionService#_doActivateExtension vscode.github {"startup":true,"extensionId":{"value":"vscode.github","_lower":"vscode.github"},"activationEvent":"*"}
[2021-10-06 16:00:21.364] [exthost] [info] ExtensionService#loadCommonJSModule file:///home/minishell/.vscode-server/bin/7f6ab5485bbc008386c4386d08766667e155244e/extensions/github/dist/extension.js
[2021-10-06 16:00:21.566] [exthost] [info] ExtensionService#_doActivateExtension vscode.emmet {"startup":false,"extensionId":{"value":"vscode.emmet","_lower":"vscode.emmet"},"activationEvent":"onStartupFinished"}
[2021-10-06 16:00:21.566] [exthost] [info] ExtensionService#loadCommonJSModule file:///home/minishell/.vscode-server/bin/7f6ab5485bbc008386c4386d08766667e155244e/extensions/emmet/dist/node/emmetNodeMain
[2021-10-06 16:00:21.606] [exthost] [info] ExtensionService#_doActivateExtension vscode.merge-conflict {"startup":false,"extensionId":{"value":"vscode.merge-conflict","_lower":"vscode.merge-conflict"},"activationEvent":"onStartupFinished"}
[2021-10-06 16:00:21.606] [exthost] [info] ExtensionService#loadCommonJSModule file:///home/minishell/.vscode-server/bin/7f6ab5485bbc008386c4386d08766667e155244e/extensions/merge-conflict/dist/mergeConflictMain
[2021-10-06 16:00:21.615] [exthost] [info] ExtensionService#_doActivateExtension vadimcn.vscode-lldb {"startup":false,"extensionId":{"value":"vadimcn.vscode-lldb","_lower":"vadimcn.vscode-lldb"},"activationEvent":"onStartupFinished"}
[2021-10-06 16:00:21.615] [exthost] [info] ExtensionService#loadCommonJSModule file:///home/minishell/.vscode-server/extensions/vadimcn.vscode-lldb-1.6.7/extension.js
[2021-10-06 16:00:21.650] [exthost] [info] eager extensions activated
[2021-10-06 16:00:22.372] [exthost] [info] ExtensionService#_doActivateExtension ms-vscode.js-debug {"startup":false,"extensionId":{"value":"ms-vscode.js-debug","_lower":"ms-vscode.js-debug"},"activationEvent":"onCommand:extension.js-debug.clearAutoAttachVariables"}
[2021-10-06 16:00:22.372] [exthost] [info] ExtensionService#loadCommonJSModule file:///home/minishell/.vscode-server/bin/7f6ab5485bbc008386c4386d08766667e155244e/extensions/ms-vscode.js-debug/src/extension.js
