[2021-10-04 13:08:36.363] [exthost] [info] extension host started
[2021-10-04 13:08:36.521] [exthost] [info] ExtensionService#_doActivateExtension vscode.debug-auto-launch {"startup":true,"extensionId":{"value":"vscode.debug-auto-launch","_lower":"vscode.debug-auto-launch"},"activationEvent":"*"}
[2021-10-04 13:08:36.528] [exthost] [info] ExtensionService#loadCommonJSModule file:///root/.vscode-server/bin/7f6ab5485bbc008386c4386d08766667e155244e/extensions/debug-auto-launch/dist/extension
[2021-10-04 13:08:36.587] [exthost] [info] ExtensionService#_doActivateExtension vscode.git {"startup":true,"extensionId":{"value":"vscode.github","_lower":"vscode.github"},"activationEvent":"*"}
[2021-10-04 13:08:36.589] [exthost] [info] ExtensionService#loadCommonJSModule file:///root/.vscode-server/bin/7f6ab5485bbc008386c4386d08766667e155244e/extensions/git/dist/main
[2021-10-04 13:08:36.912] [exthost] [info] ExtensionService#_doActivateExtension kube.42header {"startup":true,"extensionId":{"value":"kube.42header","_lower":"kube.42header"},"activationEvent":"*"}
[2021-10-04 13:08:36.913] [exthost] [info] ExtensionService#loadCommonJSModule file:///root/.vscode-server/extensions/kube.42header-0.42.9/out/src/extension
[2021-10-04 13:08:36.966] [exthost] [info] ExtensionService#_doActivateExtension ms-vscode.cpptools {"startup":true,"extensionId":{"value":"ms-vscode.cpptools","_lower":"ms-vscode.cpptools"},"activationEvent":"*"}
[2021-10-04 13:08:36.967] [exthost] [info] ExtensionService#loadCommonJSModule file:///root/.vscode-server/extensions/ms-vscode.cpptools-1.7.0-insiders2/dist/main
[2021-10-04 13:08:37.381] [exthost] [info] Lock '/root/.vscode-server/data/User/workspaceStorage/2b12f8a722524781f642ec16eb3ffe15/vscode.lock': Lock acquired.
[2021-10-04 13:08:37.694] [exthost] [info] ExtensionService#_doActivateExtension ms-vscode.js-debug {"startup":false,"extensionId":{"value":"ms-vscode.js-debug","_lower":"ms-vscode.js-debug"},"activationEvent":"onCommand:extension.js-debug.clearAutoAttachVariables"}
[2021-10-04 13:08:37.696] [exthost] [info] ExtensionService#loadCommonJSModule file:///root/.vscode-server/bin/7f6ab5485bbc008386c4386d08766667e155244e/extensions/ms-vscode.js-debug/src/extension.js
[2021-10-04 13:08:38.116] [exthost] [info] ExtensionService#_doActivateExtension vscode.github {"startup":false,"extensionId":{"value":"vscode.github","_lower":"vscode.github"},"activationEvent":"*"}
[2021-10-04 13:08:38.117] [exthost] [info] ExtensionService#loadCommonJSModule file:///root/.vscode-server/bin/7f6ab5485bbc008386c4386d08766667e155244e/extensions/github/dist/extension.js
[2021-10-04 13:08:38.418] [exthost] [info] ExtensionService#_doActivateExtension vscode.emmet {"startup":false,"extensionId":{"value":"vscode.emmet","_lower":"vscode.emmet"},"activationEvent":"onStartupFinished"}
[2021-10-04 13:08:38.419] [exthost] [info] ExtensionService#loadCommonJSModule file:///root/.vscode-server/bin/7f6ab5485bbc008386c4386d08766667e155244e/extensions/emmet/dist/node/emmetNodeMain
[2021-10-04 13:08:38.465] [exthost] [info] ExtensionService#_doActivateExtension vscode.merge-conflict {"startup":false,"extensionId":{"value":"vscode.merge-conflict","_lower":"vscode.merge-conflict"},"activationEvent":"onStartupFinished"}
[2021-10-04 13:08:38.465] [exthost] [info] ExtensionService#loadCommonJSModule file:///root/.vscode-server/bin/7f6ab5485bbc008386c4386d08766667e155244e/extensions/merge-conflict/dist/mergeConflictMain
[2021-10-04 13:08:38.479] [exthost] [info] ExtensionService#_doActivateExtension vadimcn.vscode-lldb {"startup":false,"extensionId":{"value":"vadimcn.vscode-lldb","_lower":"vadimcn.vscode-lldb"},"activationEvent":"onStartupFinished"}
[2021-10-04 13:08:38.480] [exthost] [info] ExtensionService#loadCommonJSModule file:///root/.vscode-server/extensions/vadimcn.vscode-lldb-1.6.7/extension.js
[2021-10-04 13:08:38.510] [exthost] [info] eager extensions activated
[2021-10-04 13:18:50.767] [exthost] [info] ExtensionService#_doActivateExtension vscode.debug-server-ready {"startup":false,"extensionId":{"value":"vscode.debug-server-ready","_lower":"vscode.debug-server-ready"},"activationEvent":"onDebugResolve"}
[2021-10-04 13:18:50.771] [exthost] [info] ExtensionService#loadCommonJSModule file:///root/.vscode-server/bin/7f6ab5485bbc008386c4386d08766667e155244e/extensions/debug-server-ready/dist/extension
[2021-10-04 15:57:23.714] [exthost] [info] extension host terminating: received terminate message from renderer
[2021-10-04 15:57:23.719] [exthost] [info] Lock '/root/.vscode-server/data/User/workspaceStorage/2b12f8a722524781f642ec16eb3ffe15/vscode.lock': Marking the lockfile as scheduled to be released in 6000 ms.
[2021-10-04 15:57:23.763] [exthost] [error] Launching server using command /root/.vscode-server/extensions/ms-vscode.cpptools-1.7.0-insiders2/bin/cpptools failed.
[2021-10-04 15:57:24.759] [exthost] [info] exiting with code 0
