[2021-09-30 17:13:06.644] [exthost] [info] extension host started
[2021-09-30 17:13:06.812] [exthost] [info] ExtensionService#_doActivateExtension vscode.debug-auto-launch {"startup":true,"extensionId":{"value":"vscode.debug-auto-launch","_lower":"vscode.debug-auto-launch"},"activationEvent":"*"}
[2021-09-30 17:13:06.823] [exthost] [info] ExtensionService#loadCommonJSModule file:///home/minishell/.vscode-server/bin/7f6ab5485bbc008386c4386d08766667e155244e/extensions/debug-auto-launch/dist/extension
[2021-09-30 17:13:06.906] [exthost] [info] ExtensionService#_doActivateExtension vscode.git {"startup":true,"extensionId":{"value":"vscode.github","_lower":"vscode.github"},"activationEvent":"*"}
[2021-09-30 17:13:06.928] [exthost] [info] ExtensionService#loadCommonJSModule file:///home/minishell/.vscode-server/bin/7f6ab5485bbc008386c4386d08766667e155244e/extensions/git/dist/main
[2021-09-30 17:13:07.344] [exthost] [info] Lock '/home/minishell/.vscode-server/data/User/workspaceStorage/2b12f8a722524781f642ec16eb3ffe15/vscode.lock': Lock acquired.
[2021-09-30 17:13:07.715] [exthost] [info] ExtensionService#_doActivateExtension vscode.github {"startup":true,"extensionId":{"value":"vscode.github","_lower":"vscode.github"},"activationEvent":"*"}
[2021-09-30 17:13:07.721] [exthost] [info] ExtensionService#loadCommonJSModule file:///home/minishell/.vscode-server/bin/7f6ab5485bbc008386c4386d08766667e155244e/extensions/github/dist/extension.js
[2021-09-30 17:13:08.111] [exthost] [info] ExtensionService#_doActivateExtension vscode.emmet {"startup":false,"extensionId":{"value":"vscode.emmet","_lower":"vscode.emmet"},"activationEvent":"onStartupFinished"}
[2021-09-30 17:13:08.122] [exthost] [info] ExtensionService#loadCommonJSModule file:///home/minishell/.vscode-server/bin/7f6ab5485bbc008386c4386d08766667e155244e/extensions/emmet/dist/node/emmetNodeMain
[2021-09-30 17:13:08.314] [exthost] [info] ExtensionService#_doActivateExtension vscode.merge-conflict {"startup":false,"extensionId":{"value":"vscode.merge-conflict","_lower":"vscode.merge-conflict"},"activationEvent":"onStartupFinished"}
[2021-09-30 17:13:08.317] [exthost] [info] ExtensionService#loadCommonJSModule file:///home/minishell/.vscode-server/bin/7f6ab5485bbc008386c4386d08766667e155244e/extensions/merge-conflict/dist/mergeConflictMain
[2021-09-30 17:13:08.370] [exthost] [info] ExtensionService#_doActivateExtension vadimcn.vscode-lldb {"startup":false,"extensionId":{"value":"vadimcn.vscode-lldb","_lower":"vadimcn.vscode-lldb"},"activationEvent":"onStartupFinished"}
[2021-09-30 17:13:08.374] [exthost] [info] ExtensionService#loadCommonJSModule file:///home/minishell/.vscode-server/extensions/vadimcn.vscode-lldb-1.6.7/extension.js
[2021-09-30 17:13:08.656] [exthost] [info] eager extensions activated
[2021-09-30 17:13:08.895] [exthost] [info] ExtensionService#_doActivateExtension ms-vscode.js-debug {"startup":false,"extensionId":{"value":"ms-vscode.js-debug","_lower":"ms-vscode.js-debug"},"activationEvent":"onCommand:extension.js-debug.clearAutoAttachVariables"}
[2021-09-30 17:13:08.899] [exthost] [info] ExtensionService#loadCommonJSModule file:///home/minishell/.vscode-server/bin/7f6ab5485bbc008386c4386d08766667e155244e/extensions/ms-vscode.js-debug/src/extension.js
[2021-09-30 17:13:10.530] [exthost] [info] ExtensionService#_doActivateExtension kube.42header {"startup":false,"extensionId":{"value":"kube.42header","_lower":"kube.42header"},"activationEvent":"*"}
[2021-09-30 17:13:10.533] [exthost] [info] ExtensionService#loadCommonJSModule file:///home/minishell/.vscode-server/extensions/kube.42header-0.42.9/out/src/extension
[2021-09-30 17:13:11.537] [exthost] [info] ExtensionService#_doActivateExtension ms-vscode.cpptools {"startup":false,"extensionId":{"value":"ms-vscode.cpptools","_lower":"ms-vscode.cpptools"},"activationEvent":"*"}
[2021-09-30 17:13:11.540] [exthost] [info] ExtensionService#loadCommonJSModule file:///home/minishell/.vscode-server/extensions/ms-vscode.cpptools-1.6.0/dist/main
[2021-09-30 17:16:01.970] [exthost] [info] extension host terminating: received terminate message from renderer
[2021-09-30 17:16:02.004] [exthost] [info] Lock '/home/minishell/.vscode-server/data/User/workspaceStorage/2b12f8a722524781f642ec16eb3ffe15/vscode.lock': Marking the lockfile as scheduled to be released in 6000 ms.
[2021-09-30 17:16:03.204] [exthost] [info] exiting with code 0
