[2021-10-04 16:12:27.342] [exthost] [info] extension host started
[2021-10-04 16:12:27.347] [exthost] [error] Error: EEXIST: file already exists, open '/home/minishell/.vscode-server/data/User/workspaceStorage/2b12f8a722524781f642ec16eb3ffe15/vscode.lock'
[2021-10-04 16:12:27.415] [exthost] [info] Lock '/home/minishell/.vscode-server/data/User/workspaceStorage/2b12f8a722524781f642ec16eb3ffe15/vscode.lock': Could not acquire lock, checking if the file is stale.
[2021-10-04 16:12:27.435] [exthost] [info] ExtensionService#_doActivateExtension ms-vscode.cpptools {"startup":false,"extensionId":{"value":"ms-vscode.cpptools","_lower":"ms-vscode.cpptools"},"activationEvent":"onLanguage:cpp"}
[2021-10-04 16:12:27.436] [exthost] [info] ExtensionService#loadCommonJSModule file:///home/minishell/.vscode-server/extensions/ms-vscode.cpptools-1.7.0-insiders2/dist/main
[2021-10-04 16:12:27.689] [exthost] [info] ExtensionService#_doActivateExtension vscode.debug-auto-launch {"startup":true,"extensionId":{"value":"vscode.debug-auto-launch","_lower":"vscode.debug-auto-launch"},"activationEvent":"*"}
[2021-10-04 16:12:27.690] [exthost] [info] ExtensionService#loadCommonJSModule file:///home/minishell/.vscode-server/bin/7f6ab5485bbc008386c4386d08766667e155244e/extensions/debug-auto-launch/dist/extension
[2021-10-04 16:12:27.716] [exthost] [info] ExtensionService#_doActivateExtension vscode.git {"startup":true,"extensionId":{"value":"vscode.github","_lower":"vscode.github"},"activationEvent":"*"}
[2021-10-04 16:12:27.716] [exthost] [info] ExtensionService#loadCommonJSModule file:///home/minishell/.vscode-server/bin/7f6ab5485bbc008386c4386d08766667e155244e/extensions/git/dist/main
[2021-10-04 16:12:27.864] [exthost] [info] ExtensionService#_doActivateExtension kube.42header {"startup":true,"extensionId":{"value":"kube.42header","_lower":"kube.42header"},"activationEvent":"*"}
[2021-10-04 16:12:27.865] [exthost] [info] ExtensionService#loadCommonJSModule file:///home/minishell/.vscode-server/extensions/kube.42header-0.42.9/out/src/extension
[2021-10-04 16:12:27.973] [exthost] [info] Lock '/home/minishell/.vscode-server/data/User/workspaceStorage/2b12f8a722524781f642ec16eb3ffe15/vscode.lock': The lock does not look stale, elapsed: 28973 ms, giving up.
[2021-10-04 16:12:28.084] [exthost] [info] Lock '/home/minishell/.vscode-server/data/User/workspaceStorage/2b12f8a722524781f642ec16eb3ffe15-1/vscode.lock': Lock acquired.
[2021-10-04 16:12:28.239] [exthost] [info] ExtensionService#_doActivateExtension vscode.github {"startup":true,"extensionId":{"value":"vscode.github","_lower":"vscode.github"},"activationEvent":"*"}
[2021-10-04 16:12:28.241] [exthost] [info] ExtensionService#loadCommonJSModule file:///home/minishell/.vscode-server/bin/7f6ab5485bbc008386c4386d08766667e155244e/extensions/github/dist/extension.js
[2021-10-04 16:12:28.330] [exthost] [info] ExtensionService#_doActivateExtension vscode.emmet {"startup":false,"extensionId":{"value":"vscode.emmet","_lower":"vscode.emmet"},"activationEvent":"onStartupFinished"}
[2021-10-04 16:12:28.331] [exthost] [info] ExtensionService#loadCommonJSModule file:///home/minishell/.vscode-server/bin/7f6ab5485bbc008386c4386d08766667e155244e/extensions/emmet/dist/node/emmetNodeMain
[2021-10-04 16:12:28.377] [exthost] [info] ExtensionService#_doActivateExtension vscode.merge-conflict {"startup":false,"extensionId":{"value":"vscode.merge-conflict","_lower":"vscode.merge-conflict"},"activationEvent":"onStartupFinished"}
[2021-10-04 16:12:28.378] [exthost] [info] ExtensionService#loadCommonJSModule file:///home/minishell/.vscode-server/bin/7f6ab5485bbc008386c4386d08766667e155244e/extensions/merge-conflict/dist/mergeConflictMain
[2021-10-04 16:12:28.400] [exthost] [info] ExtensionService#_doActivateExtension vadimcn.vscode-lldb {"startup":false,"extensionId":{"value":"vadimcn.vscode-lldb","_lower":"vadimcn.vscode-lldb"},"activationEvent":"onStartupFinished"}
[2021-10-04 16:12:28.401] [exthost] [info] ExtensionService#loadCommonJSModule file:///home/minishell/.vscode-server/extensions/vadimcn.vscode-lldb-1.6.7/extension.js
[2021-10-04 16:12:28.441] [exthost] [info] eager extensions activated
[2021-10-04 16:12:28.582] [exthost] [info] ExtensionService#_doActivateExtension ms-vscode.js-debug {"startup":false,"extensionId":{"value":"ms-vscode.js-debug","_lower":"ms-vscode.js-debug"},"activationEvent":"onCommand:extension.js-debug.clearAutoAttachVariables"}
[2021-10-04 16:12:28.584] [exthost] [info] ExtensionService#loadCommonJSModule file:///home/minishell/.vscode-server/bin/7f6ab5485bbc008386c4386d08766667e155244e/extensions/ms-vscode.js-debug/src/extension.js
