[2021-10-03 11:17:04.969] [exthost] [info] extension host started
[2021-10-03 11:17:05.006] [exthost] [info] Lock '/root/.vscode-server/data/User/workspaceStorage/2b12f8a722524781f642ec16eb3ffe15/vscode.lock': Lock acquired.
[2021-10-03 11:17:05.563] [exthost] [info] ExtensionService#_doActivateExtension vscode.debug-auto-launch {"startup":true,"extensionId":{"value":"vscode.debug-auto-launch","_lower":"vscode.debug-auto-launch"},"activationEvent":"*"}
[2021-10-03 11:17:05.564] [exthost] [info] ExtensionService#loadCommonJSModule file:///root/.vscode-server/bin/7f6ab5485bbc008386c4386d08766667e155244e/extensions/debug-auto-launch/dist/extension
[2021-10-03 11:17:05.574] [exthost] [info] ExtensionService#_doActivateExtension vscode.git {"startup":true,"extensionId":{"value":"vscode.github","_lower":"vscode.github"},"activationEvent":"*"}
[2021-10-03 11:17:05.574] [exthost] [info] ExtensionService#loadCommonJSModule file:///root/.vscode-server/bin/7f6ab5485bbc008386c4386d08766667e155244e/extensions/git/dist/main
[2021-10-03 11:17:07.368] [exthost] [info] ExtensionService#_doActivateExtension vadimcn.vscode-lldb {"startup":false,"extensionId":{"value":"vadimcn.vscode-lldb","_lower":"vadimcn.vscode-lldb"},"activationEvent":"onStartupFinished"}
[2021-10-03 11:17:07.368] [exthost] [info] ExtensionService#loadCommonJSModule file:///root/.vscode-server/extensions/vadimcn.vscode-lldb-1.6.7/extension.js
[2021-10-03 11:17:07.792] [exthost] [info] ExtensionService#_doActivateExtension vscode.github {"startup":true,"extensionId":{"value":"vscode.github","_lower":"vscode.github"},"activationEvent":"*"}
[2021-10-03 11:17:07.792] [exthost] [info] ExtensionService#loadCommonJSModule file:///root/.vscode-server/bin/7f6ab5485bbc008386c4386d08766667e155244e/extensions/github/dist/extension.js
[2021-10-03 11:17:07.834] [exthost] [info] ExtensionService#_doActivateExtension vscode.emmet {"startup":false,"extensionId":{"value":"vscode.emmet","_lower":"vscode.emmet"},"activationEvent":"onStartupFinished"}
[2021-10-03 11:17:07.834] [exthost] [info] ExtensionService#loadCommonJSModule file:///root/.vscode-server/bin/7f6ab5485bbc008386c4386d08766667e155244e/extensions/emmet/dist/node/emmetNodeMain
[2021-10-03 11:17:07.865] [exthost] [info] ExtensionService#_doActivateExtension vscode.merge-conflict {"startup":false,"extensionId":{"value":"vscode.merge-conflict","_lower":"vscode.merge-conflict"},"activationEvent":"onStartupFinished"}
[2021-10-03 11:17:07.865] [exthost] [info] ExtensionService#loadCommonJSModule file:///root/.vscode-server/bin/7f6ab5485bbc008386c4386d08766667e155244e/extensions/merge-conflict/dist/mergeConflictMain
[2021-10-03 11:17:07.871] [exthost] [info] eager extensions activated
[2021-10-03 11:17:08.283] [exthost] [info] ExtensionService#_doActivateExtension ms-vscode.js-debug {"startup":false,"extensionId":{"value":"ms-vscode.js-debug","_lower":"ms-vscode.js-debug"},"activationEvent":"onCommand:extension.js-debug.clearAutoAttachVariables"}
[2021-10-03 11:17:08.283] [exthost] [info] ExtensionService#loadCommonJSModule file:///root/.vscode-server/bin/7f6ab5485bbc008386c4386d08766667e155244e/extensions/ms-vscode.js-debug/src/extension.js
[2021-10-03 11:17:08.980] [exthost] [info] ExtensionService#_doActivateExtension kube.42header {"startup":false,"extensionId":{"value":"kube.42header","_lower":"kube.42header"},"activationEvent":"*"}
[2021-10-03 11:17:08.980] [exthost] [info] ExtensionService#loadCommonJSModule file:///root/.vscode-server/extensions/kube.42header-0.42.9/out/src/extension
[2021-10-03 11:17:09.338] [exthost] [info] ExtensionService#_doActivateExtension ms-vscode.cpptools {"startup":false,"extensionId":{"value":"ms-vscode.cpptools","_lower":"ms-vscode.cpptools"},"activationEvent":"*"}
[2021-10-03 11:17:09.338] [exthost] [info] ExtensionService#loadCommonJSModule file:///root/.vscode-server/extensions/ms-vscode.cpptools-1.6.0/dist/main
[2021-10-03 11:19:51.633] [exthost] [info] ExtensionService#_doActivateExtension vscode.debug-server-ready {"startup":false,"extensionId":{"value":"vscode.debug-server-ready","_lower":"vscode.debug-server-ready"},"activationEvent":"onDebugResolve"}
[2021-10-03 11:19:51.634] [exthost] [info] ExtensionService#loadCommonJSModule file:///root/.vscode-server/bin/7f6ab5485bbc008386c4386d08766667e155244e/extensions/debug-server-ready/dist/extension
[2021-10-03 11:57:30.209] [exthost] [error] onWillSaveTextDocument-listener from extension 'kube.42header' threw ERROR
[2021-10-03 11:57:30.210] [exthost] [error] Error: concurrent_edits
	at /root/.vscode-server/bin/7f6ab5485bbc008386c4386d08766667e155244e/out/vs/server/remoteExtensionHostProcess.js:94:31684
	at runMicrotasks (<anonymous>)
	at processTicksAndRejections (internal/process/task_queues.js:93:5)
	at async k.$participateInSave (/root/.vscode-server/bin/7f6ab5485bbc008386c4386d08766667e155244e/out/vs/server/remoteExtensionHostProcess.js:94:29860)
[2021-10-03 15:19:22.848] [exthost] [info] ExtensionService#_doActivateExtension ms-vscode.references-view {"startup":false,"extensionId":{"value":"ms-vscode.references-view","_lower":"ms-vscode.references-view"},"activationEvent":"onCommand:references-view.findReferences"}
[2021-10-03 15:19:22.849] [exthost] [info] ExtensionService#loadCommonJSModule file:///root/.vscode-server/bin/7f6ab5485bbc008386c4386d08766667e155244e/extensions/ms-vscode.references-view/dist/extension
[2021-10-03 19:13:57.265] [exthost] [info] extension host terminating: received terminate message from renderer
[2021-10-03 19:13:57.266] [exthost] [info] Lock '/root/.vscode-server/data/User/workspaceStorage/2b12f8a722524781f642ec16eb3ffe15/vscode.lock': Marking the lockfile as scheduled to be released in 6000 ms.
[2021-10-03 19:13:58.314] [exthost] [info] exiting with code 0
