[2021-10-04 16:15:45.380] [exthost] [info] extension host started
[2021-10-04 16:15:45.405] [exthost] [error] Error: EEXIST: file already exists, open '/home/minishell/.vscode-server/data/User/workspaceStorage/2b12f8a722524781f642ec16eb3ffe15/vscode.lock'
[2021-10-04 16:15:45.428] [exthost] [info] Lock '/home/minishell/.vscode-server/data/User/workspaceStorage/2b12f8a722524781f642ec16eb3ffe15/vscode.lock': Could not acquire lock, checking if the file is stale.
[2021-10-04 16:15:45.465] [exthost] [info] ExtensionService#_doActivateExtension ms-vscode.cpptools {"startup":false,"extensionId":{"value":"ms-vscode.cpptools","_lower":"ms-vscode.cpptools"},"activationEvent":"onLanguage:cpp"}
[2021-10-04 16:15:45.469] [exthost] [info] ExtensionService#loadCommonJSModule file:///home/minishell/.vscode-server/extensions/ms-vscode.cpptools-1.7.0-insiders2/dist/main
[2021-10-04 16:15:45.732] [exthost] [info] ExtensionService#_doActivateExtension vscode.debug-auto-launch {"startup":true,"extensionId":{"value":"vscode.debug-auto-launch","_lower":"vscode.debug-auto-launch"},"activationEvent":"*"}
[2021-10-04 16:15:45.735] [exthost] [info] ExtensionService#loadCommonJSModule file:///home/minishell/.vscode-server/bin/7f6ab5485bbc008386c4386d08766667e155244e/extensions/debug-auto-launch/dist/extension
[2021-10-04 16:15:45.756] [exthost] [info] ExtensionService#_doActivateExtension vscode.git {"startup":true,"extensionId":{"value":"vscode.github","_lower":"vscode.github"},"activationEvent":"*"}
[2021-10-04 16:15:45.757] [exthost] [info] ExtensionService#loadCommonJSModule file:///home/minishell/.vscode-server/bin/7f6ab5485bbc008386c4386d08766667e155244e/extensions/git/dist/main
[2021-10-04 16:15:45.974] [exthost] [info] ExtensionService#_doActivateExtension kube.42header {"startup":true,"extensionId":{"value":"kube.42header","_lower":"kube.42header"},"activationEvent":"*"}
[2021-10-04 16:15:45.976] [exthost] [info] ExtensionService#loadCommonJSModule file:///home/minishell/.vscode-server/extensions/kube.42header-0.42.9/out/src/extension
[2021-10-04 16:15:46.040] [exthost] [info] Lock '/home/minishell/.vscode-server/data/User/workspaceStorage/2b12f8a722524781f642ec16eb3ffe15/vscode.lock': The lock does not look stale, elapsed: 227040 ms, giving up.
[2021-10-04 16:15:46.120] [exthost] [error] Error: EEXIST: file already exists, open '/home/minishell/.vscode-server/data/User/workspaceStorage/2b12f8a722524781f642ec16eb3ffe15-1/vscode.lock'
[2021-10-04 16:15:46.176] [exthost] [info] Lock '/home/minishell/.vscode-server/data/User/workspaceStorage/2b12f8a722524781f642ec16eb3ffe15-1/vscode.lock': Could not acquire lock, checking if the file is stale.
[2021-10-04 16:15:46.211] [exthost] [info] Lock '/home/minishell/.vscode-server/data/User/workspaceStorage/2b12f8a722524781f642ec16eb3ffe15-1/vscode.lock': The lock does not look stale, elapsed: 101211 ms, giving up.
[2021-10-04 16:15:46.233] [exthost] [info] Lock '/home/minishell/.vscode-server/data/User/workspaceStorage/2b12f8a722524781f642ec16eb3ffe15-2/vscode.lock': Lock acquired.
[2021-10-04 16:15:46.345] [exthost] [info] ExtensionService#_doActivateExtension vscode.github {"startup":true,"extensionId":{"value":"vscode.github","_lower":"vscode.github"},"activationEvent":"*"}
[2021-10-04 16:15:46.348] [exthost] [info] ExtensionService#loadCommonJSModule file:///home/minishell/.vscode-server/bin/7f6ab5485bbc008386c4386d08766667e155244e/extensions/github/dist/extension.js
[2021-10-04 16:15:46.411] [exthost] [info] ExtensionService#_doActivateExtension vscode.emmet {"startup":false,"extensionId":{"value":"vscode.emmet","_lower":"vscode.emmet"},"activationEvent":"onStartupFinished"}
[2021-10-04 16:15:46.414] [exthost] [info] ExtensionService#loadCommonJSModule file:///home/minishell/.vscode-server/bin/7f6ab5485bbc008386c4386d08766667e155244e/extensions/emmet/dist/node/emmetNodeMain
[2021-10-04 16:15:46.462] [exthost] [info] ExtensionService#_doActivateExtension vscode.merge-conflict {"startup":false,"extensionId":{"value":"vscode.merge-conflict","_lower":"vscode.merge-conflict"},"activationEvent":"onStartupFinished"}
[2021-10-04 16:15:46.465] [exthost] [info] ExtensionService#loadCommonJSModule file:///home/minishell/.vscode-server/bin/7f6ab5485bbc008386c4386d08766667e155244e/extensions/merge-conflict/dist/mergeConflictMain
[2021-10-04 16:15:46.486] [exthost] [info] ExtensionService#_doActivateExtension vadimcn.vscode-lldb {"startup":false,"extensionId":{"value":"vadimcn.vscode-lldb","_lower":"vadimcn.vscode-lldb"},"activationEvent":"onStartupFinished"}
[2021-10-04 16:15:46.486] [exthost] [info] ExtensionService#loadCommonJSModule file:///home/minishell/.vscode-server/extensions/vadimcn.vscode-lldb-1.6.7/extension.js
[2021-10-04 16:15:46.529] [exthost] [info] eager extensions activated
[2021-10-04 16:15:46.645] [exthost] [info] ExtensionService#_doActivateExtension ms-vscode.js-debug {"startup":false,"extensionId":{"value":"ms-vscode.js-debug","_lower":"ms-vscode.js-debug"},"activationEvent":"onCommand:extension.js-debug.clearAutoAttachVariables"}
[2021-10-04 16:15:46.646] [exthost] [info] ExtensionService#loadCommonJSModule file:///home/minishell/.vscode-server/bin/7f6ab5485bbc008386c4386d08766667e155244e/extensions/ms-vscode.js-debug/src/extension.js
[2021-10-04 16:31:48.245] [exthost] [info] ExtensionService#_doActivateExtension vscode.configuration-editing {"startup":false,"extensionId":{"value":"vscode.configuration-editing","_lower":"vscode.configuration-editing"},"activationEvent":"onLanguage:jsonc"}
[2021-10-04 16:31:48.247] [exthost] [info] ExtensionService#loadCommonJSModule file:///home/minishell/.vscode-server/bin/7f6ab5485bbc008386c4386d08766667e155244e/extensions/configuration-editing/dist/configurationEditingMain
[2021-10-04 16:31:48.327] [exthost] [info] ExtensionService#_doActivateExtension vscode.json-language-features {"startup":false,"extensionId":{"value":"vscode.json-language-features","_lower":"vscode.json-language-features"},"activationEvent":"onLanguage:jsonc"}
[2021-10-04 16:31:48.328] [exthost] [info] ExtensionService#loadCommonJSModule file:///home/minishell/.vscode-server/bin/7f6ab5485bbc008386c4386d08766667e155244e/extensions/json-language-features/client/dist/node/jsonClientMain
[2021-10-04 16:31:48.486] [exthost] [info] ExtensionService#_doActivateExtension vscode.typescript-language-features {"startup":false,"extensionId":{"value":"vscode.typescript-language-features","_lower":"vscode.typescript-language-features"},"activationEvent":"onLanguage:jsonc"}
[2021-10-04 16:31:48.491] [exthost] [info] ExtensionService#loadCommonJSModule file:///home/minishell/.vscode-server/bin/7f6ab5485bbc008386c4386d08766667e155244e/extensions/typescript-language-features/dist/extension
